<?xml version="1.0" encoding="UTF-8"?>
<!-- Generated by org.testng.reporters.JUnitReportReporter -->
<testsuite hostname="Anshuls-MacBook-M3.local" failures="0" tests="2" name="testcasesrediffPortfolio.ManageSessionTest" time="160.150" errors="0" timestamp="2024-04-21T18:45:34 IST" skipped="0">
  <testcase classname="testcasesrediffPortfolio.ManageSessionTest" name="doLogin" time="66.310"/>
  <testcase classname="testcasesrediffPortfolio.ManageSessionTest" name="doLogin" time="93.840"/>
</testsuite> <!-- testcasesrediffPortfolio.ManageSessionTest -->
